2019-12-09 18:36:06,722 INFO org.springframework.boot.StartupInfoLogger [restartedMain] Starting FiscalApplication on BLACKFISH-LABS with PID 11120 (/home/jeferson/workspace/blackfishlabs/opensource/fiscal4desktop/target/classes started by jeferson in /home/jeferson/workspace/blackfishlabs/opensource/fiscal4desktop)
2019-12-09 18:36:06,738 INFO org.springframework.boot.SpringApplication [restartedMain] The following profiles are active: prod
2019-12-09 18:36:07,009 INFO org.springframework.boot.logging.DeferredLog [restartedMain] The Class-Path manifest attribute in /home/jeferson/.m2/repository/org/glassfish/jaxb/jaxb-runtime/2.3.2/jaxb-runtime-2.3.2.jar referenced one or more files that do not exist: file:/home/jeferson/.m2/repository/org/glassfish/jaxb/jaxb-runtime/2.3.2/jakarta.xml.bind-api-2.3.2.jar,file:/home/jeferson/.m2/repository/org/glassfish/jaxb/jaxb-runtime/2.3.2/txw2-2.3.2.jar,file:/home/jeferson/.m2/repository/org/glassfish/jaxb/jaxb-runtime/2.3.2/istack-commons-runtime-3.0.8.jar,file:/home/jeferson/.m2/repository/org/glassfish/jaxb/jaxb-runtime/2.3.2/stax-ex-1.8.1.jar,file:/home/jeferson/.m2/repository/org/glassfish/jaxb/jaxb-runtime/2.3.2/FastInfoset-1.2.16.jar,file:/home/jeferson/.m2/repository/org/glassfish/jaxb/jaxb-runtime/2.3.2/jakarta.activation-api-1.2.1.jar
2019-12-09 18:36:07,009 INFO org.springframework.boot.logging.DeferredLog [restartedMain] The Class-Path manifest attribute in /home/jeferson/.m2/repository/xalan/xalan/2.7.2/xalan-2.7.2.jar referenced one or more files that do not exist: file:/home/jeferson/.m2/repository/xalan/xalan/2.7.2/xercesImpl.jar,file:/home/jeferson/.m2/repository/xalan/xalan/2.7.2/xml-apis.jar,file:/home/jeferson/.m2/repository/xalan/xalan/2.7.2/serializer.jar
2019-12-09 18:36:07,010 INFO org.springframework.boot.logging.DeferredLog [restartedMain] The Class-Path manifest attribute in /home/jeferson/.m2/repository/xalan/serializer/2.7.2/serializer-2.7.2.jar referenced one or more files that do not exist: file:/home/jeferson/.m2/repository/xalan/serializer/2.7.2/xml-apis.jar
2019-12-09 18:36:07,010 INFO org.springframework.boot.logging.DeferredLog [restartedMain] Devtools property defaults active! Set 'spring.devtools.add-properties' to 'false' to disable
2019-12-09 18:36:07,012 INFO org.springframework.boot.logging.DeferredLog [restartedMain] For additional web related logging consider setting the 'logging.level.web' property to 'DEBUG'
2019-12-09 18:36:09,223 INFO org.springframework.data.repository.config.RepositoryConfigurationDelegate [restartedMain] Bootstrapping Spring Data repositories in DEFAULT mode.
2019-12-09 18:36:09,315 INFO org.springframework.data.repository.config.RepositoryConfigurationDelegate [restartedMain] Finished Spring Data repository scanning in 78ms. Found 4 repository interfaces.
2019-12-09 18:36:10,173 INFO org.springframework.context.support.PostProcessorRegistrationDelegate$BeanPostProcessorChecker [restartedMain] Bean 'org.springframework.transaction.annotation.ProxyTransactionManagementConfiguration' of type [org.springframework.transaction.annotation.ProxyTransactionManagementConfiguration] is not eligible for getting processed by all BeanPostProcessors (for example: not eligible for auto-proxying)
2019-12-09 18:36:10,824 INFO org.springframework.boot.web.embedded.tomcat.TomcatWebServer [restartedMain] Tomcat initialized with port(s): 8182 (http)
2019-12-09 18:36:10,838 INFO org.apache.juli.logging.DirectJDKLog [restartedMain] Initializing ProtocolHandler ["http-nio-8182"]
2019-12-09 18:36:10,839 INFO org.apache.juli.logging.DirectJDKLog [restartedMain] Starting service [Tomcat]
2019-12-09 18:36:10,839 INFO org.apache.juli.logging.DirectJDKLog [restartedMain] Starting Servlet engine: [Apache Tomcat/9.0.27]
2019-12-09 18:36:10,978 INFO org.apache.juli.logging.DirectJDKLog [restartedMain] Initializing Spring embedded WebApplicationContext
2019-12-09 18:36:10,979 INFO org.springframework.boot.web.servlet.context.ServletWebServerApplicationContext [restartedMain] Root WebApplicationContext: initialization completed in 3966 ms
2019-12-09 18:36:11,240 INFO com.zaxxer.hikari.HikariDataSource [restartedMain] HikariPool-1 - Starting...
2019-12-09 18:36:11,646 INFO com.zaxxer.hikari.HikariDataSource [restartedMain] HikariPool-1 - Start completed.
2019-12-09 18:36:11,663 INFO org.springframework.boot.autoconfigure.h2.H2ConsoleAutoConfiguration [restartedMain] H2 console available at '/console'. Database available at 'jdbc:h2:file:./data/fiscal4desktop'
2019-12-09 18:36:12,076 INFO org.hibernate.jpa.internal.util.LogHelper [restartedMain] HHH000204: Processing PersistenceUnitInfo [name: default]
2019-12-09 18:36:12,246 INFO org.hibernate.Version [restartedMain] HHH000412: Hibernate Core {5.4.6.Final}
2019-12-09 18:36:12,467 INFO org.hibernate.annotations.common.reflection.java.JavaReflectionManager [restartedMain] HCANN000001: Hibernate Commons Annotations {5.1.0.Final}
2019-12-09 18:36:12,635 INFO org.hibernate.dialect.Dialect [restartedMain] HHH000400: Using dialect: org.hibernate.dialect.H2Dialect
2019-12-09 18:36:14,399 INFO org.hibernate.engine.transaction.jta.platform.internal.JtaPlatformInitiator [restartedMain] HHH000490: Using JtaPlatform implementation: [org.hibernate.engine.transaction.jta.platform.internal.NoJtaPlatform]
2019-12-09 18:36:14,409 INFO org.springframework.orm.jpa.AbstractEntityManagerFactoryBean [restartedMain] Initialized JPA EntityManagerFactory for persistence unit 'default'
2019-12-09 18:36:14,434 INFO org.springframework.boot.devtools.autoconfigure.OptionalLiveReloadServer [restartedMain] LiveReload server is running on port 35729
2019-12-09 18:36:15,545 WARN org.springframework.boot.autoconfigure.orm.jpa.JpaBaseConfiguration$JpaWebConfiguration [restartedMain] spring.jpa.open-in-view is enabled by default. Therefore, database queries may be performed during view rendering. Explicitly configure spring.jpa.open-in-view to disable this warning
2019-12-09 18:36:15,950 INFO org.springframework.boot.actuate.endpoint.web.EndpointLinksResolver [restartedMain] Exposing 2 endpoint(s) beneath base path '/actuator'
2019-12-09 18:36:16,084 INFO springfox.documentation.spring.web.PropertySourcedRequestMappingHandlerMapping [restartedMain] Mapped URL path [/v2/api-docs] onto method [springfox.documentation.swagger2.web.Swagger2Controller#getDocumentation(String, HttpServletRequest)]
2019-12-09 18:36:16,259 INFO org.springframework.scheduling.concurrent.ExecutorConfigurationSupport [restartedMain] Initializing ExecutorService 'applicationTaskExecutor'
2019-12-09 18:36:16,926 INFO springfox.documentation.spring.web.plugins.DocumentationPluginsBootstrapper [restartedMain] Context refreshed
2019-12-09 18:36:16,955 INFO springfox.documentation.spring.web.plugins.DocumentationPluginsBootstrapper [restartedMain] Found 1 custom documentation plugin(s)
2019-12-09 18:36:17,015 INFO springfox.documentation.spring.web.scanners.ApiListingReferenceScanner [restartedMain] Scanning for api listing references
2019-12-09 18:36:17,239 INFO springfox.documentation.spring.web.readers.operation.CachingOperationNameGenerator [restartedMain] Generating unique operation named: disablementNFeUsingPOST_1
2019-12-09 18:36:17,253 INFO springfox.documentation.spring.web.readers.operation.CachingOperationNameGenerator [restartedMain] Generating unique operation named: statusUsingPOST_1
2019-12-09 18:36:17,305 INFO org.apache.juli.logging.DirectJDKLog [restartedMain] Starting ProtocolHandler ["http-nio-8182"]
2019-12-09 18:36:17,341 INFO org.springframework.boot.web.embedded.tomcat.TomcatWebServer [restartedMain] Tomcat started on port(s): 8182 (http) with context path ''
2019-12-09 18:36:17,345 INFO org.springframework.boot.StartupInfoLogger [restartedMain] Started FiscalApplication in 12.031 seconds (JVM running for 14.105)
2019-12-09 18:36:17,397 INFO io.github.blackfishlabs.FiscalApplication [restartedMain] 
|------------------------------------------------------------
|   Application 'Emissor Fiscal 4 Desktop' is running!         
|   Access URLs:                                              
|   Local:      http://127.0.0.1:8182
|   External:   http://127.0.1.1:8182
|-------------------------------------------------------------
2019-12-09 18:36:17,544 INFO io.github.blackfishlabs.FiscalApplication [restartedMain] >> Workspace: /home/jeferson/workspace/application/fiscal/
2019-12-09 18:36:17,637 INFO io.github.blackfishlabs.FiscalApplication [restartedMain] >> Certificado Digital
2019-12-09 18:36:17,638 INFO io.github.blackfishlabs.FiscalApplication [restartedMain] Alias: {8caaa0f6-d649-4029-b16f-f4f0282c869e}
2019-12-09 18:36:17,638 INFO io.github.blackfishlabs.FiscalApplication [restartedMain] CN=A B M INDUSTRIA E COMERCIO DE CAFE LTDA:81236184000195, OU=Certificado PJ A1, OU=20181735000176, OU=AC SOLUTI Multipla, OU=AC SOLUTI, OU=Autoridade Certificadora Raiz Brasileira v2, O=ICP-Brasil, C=BR
2019-12-09 18:36:17,639 INFO io.github.blackfishlabs.FiscalApplication [restartedMain] Válido a partir de..: 21/06/2019 09:29:56
2019-12-09 18:36:17,639 INFO io.github.blackfishlabs.FiscalApplication [restartedMain] Válido até..........: 20/06/2020 09:29:56
2019-12-09 18:36:20,880 INFO org.apache.juli.logging.DirectJDKLog [http-nio-8182-exec-1] Initializing Spring DispatcherServlet 'dispatcherServlet'
2019-12-09 18:36:20,881 INFO org.springframework.web.servlet.FrameworkServlet [http-nio-8182-exec-1] Initializing Servlet 'dispatcherServlet'
2019-12-09 18:36:20,902 INFO org.springframework.web.servlet.FrameworkServlet [http-nio-8182-exec-1] Completed initialization in 18 ms
2019-12-09 18:36:20,993 INFO io.github.blackfishlabs.api.NFeAPI [http-nio-8182-exec-1] Call cancelNFe() method
2019-12-09 18:36:21,019 ERROR io.github.blackfishlabs.api.NFeAPI [http-nio-8182-exec-1] null
2019-12-09 18:36:21,034 ERROR org.apache.juli.logging.DirectJDKLog [http-nio-8182-exec-1] Servlet.service() for servlet [dispatcherServlet] in context with path [] threw exception [Request processing failed; nested exception is java.lang.NullPointerException] with root cause
java.lang.NullPointerException: null
	at java.lang.String.concat(String.java:2027)
	at io.github.blackfishlabs.api.NFeAPI.cancelNFe(NFeAPI.java:85)
	at sun.reflect.NativeMethodAccessorImpl.invoke0(Native Method)
	at sun.reflect.NativeMethodAccessorImpl.invoke(NativeMethodAccessorImpl.java:62)
	at sun.reflect.DelegatingMethodAccessorImpl.invoke(DelegatingMethodAccessorImpl.java:43)
	at java.lang.reflect.Method.invoke(Method.java:498)
	at org.springframework.web.method.support.InvocableHandlerMethod.doInvoke(InvocableHandlerMethod.java:190)
	at org.springframework.web.method.support.InvocableHandlerMethod.invokeForRequest(InvocableHandlerMethod.java:138)
	at org.springframework.web.servlet.mvc.method.annotation.ServletInvocableHandlerMethod.invokeAndHandle(ServletInvocableHandlerMethod.java:106)
	at org.springframework.web.servlet.mvc.method.annotation.RequestMappingHandlerAdapter.invokeHandlerMethod(RequestMappingHandlerAdapter.java:888)
	at org.springframework.web.servlet.mvc.method.annotation.RequestMappingHandlerAdapter.handleInternal(RequestMappingHandlerAdapter.java:793)
	at org.springframework.web.servlet.mvc.method.AbstractHandlerMethodAdapter.handle(AbstractHandlerMethodAdapter.java:87)
	at org.springframework.web.servlet.DispatcherServlet.doDispatch(DispatcherServlet.java:1040)
	at org.springframework.web.servlet.DispatcherServlet.doService(DispatcherServlet.java:943)
	at org.springframework.web.servlet.FrameworkServlet.processRequest(FrameworkServlet.java:1006)
	at org.springframework.web.servlet.FrameworkServlet.doPost(FrameworkServlet.java:909)
	at javax.servlet.http.HttpServlet.service(HttpServlet.java:660)
	at org.springframework.web.servlet.FrameworkServlet.service(FrameworkServlet.java:883)
	at javax.servlet.http.HttpServlet.service(HttpServlet.java:741)
	at org.apache.catalina.core.ApplicationFilterChain.internalDoFilter(ApplicationFilterChain.java:231)
	at org.apache.catalina.core.ApplicationFilterChain.doFilter(ApplicationFilterChain.java:166)
	at org.apache.tomcat.websocket.server.WsFilter.doFilter(WsFilter.java:53)
	at org.apache.catalina.core.ApplicationFilterChain.internalDoFilter(ApplicationFilterChain.java:193)
	at org.apache.catalina.core.ApplicationFilterChain.doFilter(ApplicationFilterChain.java:166)
	at org.springframework.web.filter.RequestContextFilter.doFilterInternal(RequestContextFilter.java:100)
	at org.springframework.web.filter.OncePerRequestFilter.doFilter(OncePerRequestFilter.java:119)
	at org.apache.catalina.core.ApplicationFilterChain.internalDoFilter(ApplicationFilterChain.java:193)
	at org.apache.catalina.core.ApplicationFilterChain.doFilter(ApplicationFilterChain.java:166)
	at org.springframework.web.filter.FormContentFilter.doFilterInternal(FormContentFilter.java:93)
	at org.springframework.web.filter.OncePerRequestFilter.doFilter(OncePerRequestFilter.java:119)
	at org.apache.catalina.core.ApplicationFilterChain.internalDoFilter(ApplicationFilterChain.java:193)
	at org.apache.catalina.core.ApplicationFilterChain.doFilter(ApplicationFilterChain.java:166)
	at org.springframework.boot.actuate.metrics.web.servlet.WebMvcMetricsFilter.doFilterInternal(WebMvcMetricsFilter.java:108)
	at org.springframework.web.filter.OncePerRequestFilter.doFilter(OncePerRequestFilter.java:119)
	at org.apache.catalina.core.ApplicationFilterChain.internalDoFilter(ApplicationFilterChain.java:193)
	at org.apache.catalina.core.ApplicationFilterChain.doFilter(ApplicationFilterChain.java:166)
	at org.springframework.web.filter.CharacterEncodingFilter.doFilterInternal(CharacterEncodingFilter.java:201)
	at org.springframework.web.filter.OncePerRequestFilter.doFilter(OncePerRequestFilter.java:119)
	at org.apache.catalina.core.ApplicationFilterChain.internalDoFilter(ApplicationFilterChain.java:193)
	at org.apache.catalina.core.ApplicationFilterChain.doFilter(ApplicationFilterChain.java:166)
	at org.apache.catalina.core.StandardWrapperValve.invoke(StandardWrapperValve.java:202)
	at org.apache.catalina.core.StandardContextValve.invoke(StandardContextValve.java:96)
	at org.apache.catalina.authenticator.AuthenticatorBase.invoke(AuthenticatorBase.java:526)
	at org.apache.catalina.core.StandardHostValve.invoke(StandardHostValve.java:139)
	at org.apache.catalina.valves.ErrorReportValve.invoke(ErrorReportValve.java:92)
	at org.apache.catalina.core.StandardEngineValve.invoke(StandardEngineValve.java:74)
	at org.apache.catalina.connector.CoyoteAdapter.service(CoyoteAdapter.java:343)
	at org.apache.coyote.http11.Http11Processor.service(Http11Processor.java:408)
	at org.apache.coyote.AbstractProcessorLight.process(AbstractProcessorLight.java:66)
	at org.apache.coyote.AbstractProtocol$ConnectionHandler.process(AbstractProtocol.java:861)
	at org.apache.tomcat.util.net.NioEndpoint$SocketProcessor.doRun(NioEndpoint.java:1579)
	at org.apache.tomcat.util.net.SocketProcessorBase.run(SocketProcessorBase.java:49)
	at java.util.concurrent.ThreadPoolExecutor.runWorker(ThreadPoolExecutor.java:1149)
	at java.util.concurrent.ThreadPoolExecutor$Worker.run(ThreadPoolExecutor.java:624)
	at org.apache.tomcat.util.threads.TaskThread$WrappingRunnable.run(TaskThread.java:61)
	at java.lang.Thread.run(Thread.java:748)
2019-12-09 18:36:42,748 INFO org.springframework.scheduling.concurrent.ExecutorConfigurationSupport [SpringContextShutdownHook] Shutting down ExecutorService 'applicationTaskExecutor'
2019-12-09 18:36:42,762 INFO org.springframework.orm.jpa.AbstractEntityManagerFactoryBean [SpringContextShutdownHook] Closing JPA EntityManagerFactory for persistence unit 'default'
2019-12-09 18:36:42,774 INFO com.zaxxer.hikari.HikariDataSource [SpringContextShutdownHook] HikariPool-1 - Shutdown initiated...
2019-12-09 18:36:42,949 INFO com.zaxxer.hikari.HikariDataSource [SpringContextShutdownHook] HikariPool-1 - Shutdown completed.
